Started GET "/" for 127.0.0.1 at 2021-07-28 11:27:37 +0700
  [1m[35m (1.2ms)[0m  [1m[34mSELECT `schema_migrations`.`version` FROM `schema_migrations` ORDER BY `schema_migrations`.`version` ASC[0m
Processing by StaticPagesController#home as HTML
  Rendering layout layouts/application.html.erb
  Rendering static_pages/home.html.erb within layouts/application
  Rendered static_pages/home.html.erb within layouts/application (Duration: 37.6ms | Allocations: 9319)
  Rendered layout layouts/application.html.erb (Duration: 37.8ms | Allocations: 9388)
Completed 500 Internal Server Error in 52ms (ActiveRecord: 0.0ms | Allocations: 11954)


  
ActionView::Template::Error (wrong number of arguments (given 3, expected 1..2)):
    1: <% provide(:title, "Home", t(".heading")) %>
    2: <%= link_to "English", locale:"en" %>
    3: <%= link_to "Vietnamese", locale:"vi" %>
    4: <h1>
  
app/views/static_pages/home.html.erb:1
Started GET "/" for 127.0.0.1 at 2021-07-28 11:27:58 +0700
  [1m[35m (0.8ms)[0m  [1m[34mSELECT `schema_migrations`.`version` FROM `schema_migrations` ORDER BY `schema_migrations`.`version` ASC[0m
Processing by StaticPagesController#home as HTML
  Rendering layout layouts/application.html.erb
  Rendering static_pages/home.html.erb within layouts/application
  Rendered static_pages/home.html.erb within layouts/application (Duration: 6.1ms | Allocations: 4600)
[Webpacker] Everything's up-to-date. Nothing to do
  Rendered layout layouts/application.html.erb (Duration: 48.6ms | Allocations: 16600)
Completed 200 OK in 63ms (Views: 54.7ms | ActiveRecord: 0.0ms | Allocations: 19199)


Started GET "/vi" for 127.0.0.1 at 2021-07-28 11:28:06 +0700
Processing by StaticPagesController#home as HTML
  Parameters: {"locale"=>"vi"}
  Rendering layout layouts/application.html.erb
  Rendering static_pages/home.html.erb within layouts/application
  Rendered static_pages/home.html.erb within layouts/application (Duration: 0.9ms | Allocations: 287)
[Webpacker] Everything's up-to-date. Nothing to do
  Rendered layout layouts/application.html.erb (Duration: 6.6ms | Allocations: 3144)
Completed 200 OK in 10ms (Views: 8.6ms | ActiveRecord: 0.0ms | Allocations: 4028)


Started GET "/" for 127.0.0.1 at 2021-07-28 11:30:11 +0700
  [1m[35m (1.2ms)[0m  [1m[34mSELECT `schema_migrations`.`version` FROM `schema_migrations` ORDER BY `schema_migrations`.`version` ASC[0m
Processing by StaticPagesController#home as HTML
  Rendering layout layouts/application.html.erb
  Rendering static_pages/home.html.erb within layouts/application
  Rendered static_pages/home.html.erb within layouts/application (Duration: 6.9ms | Allocations: 4577)
[Webpacker] Everything's up-to-date. Nothing to do
  Rendered layout layouts/application.html.erb (Duration: 22.0ms | Allocations: 9100)
Completed 200 OK in 37ms (Views: 25.6ms | ActiveRecord: 0.0ms | Allocations: 11700)


Started GET "/vi" for 127.0.0.1 at 2021-07-28 11:30:17 +0700
Processing by StaticPagesController#home as HTML
  Parameters: {"locale"=>"vi"}
  Rendering layout layouts/application.html.erb
  Rendering static_pages/home.html.erb within layouts/application
  Rendered static_pages/home.html.erb within layouts/application (Duration: 4.1ms | Allocations: 270)
[Webpacker] Everything's up-to-date. Nothing to do
  Rendered layout layouts/application.html.erb (Duration: 18.8ms | Allocations: 3120)
Completed 200 OK in 25ms (Views: 22.4ms | ActiveRecord: 0.0ms | Allocations: 3996)


Started GET "/" for 127.0.0.1 at 2021-07-28 11:30:45 +0700
  [1m[35m (1.2ms)[0m  [1m[34mSELECT `schema_migrations`.`version` FROM `schema_migrations` ORDER BY `schema_migrations`.`version` ASC[0m
Processing by StaticPagesController#home as HTML
  Rendering layout layouts/application.html.erb
  Rendering static_pages/home.html.erb within layouts/application
  Rendered static_pages/home.html.erb within layouts/application (Duration: 6.7ms | Allocations: 4577)
[Webpacker] Everything's up-to-date. Nothing to do
  Rendered layout layouts/application.html.erb (Duration: 22.7ms | Allocations: 9100)
Completed 200 OK in 36ms (Views: 25.6ms | ActiveRecord: 0.0ms | Allocations: 11700)


Started GET "/help" for 127.0.0.1 at 2021-07-28 11:30:48 +0700
  
ActionController::RoutingError (No route matches [GET] "/help"):
  
Started GET "/static_pages/help" for 127.0.0.1 at 2021-07-28 11:31:07 +0700
Processing by StaticPagesController#help as HTML
  Rendering layout layouts/application.html.erb
  Rendering static_pages/help.html.erb within layouts/application
  Rendered static_pages/help.html.erb within layouts/application (Duration: 0.8ms | Allocations: 414)
[Webpacker] Everything's up-to-date. Nothing to do
  Rendered layout layouts/application.html.erb (Duration: 5.0ms | Allocations: 3274)
Completed 200 OK in 7ms (Views: 6.2ms | ActiveRecord: 0.0ms | Allocations: 3792)


Started GET "/" for 127.0.0.1 at 2021-07-28 11:39:11 +0700
  [1m[35m (1.2ms)[0m  [1m[34mSELECT `schema_migrations`.`version` FROM `schema_migrations` ORDER BY `schema_migrations`.`version` ASC[0m
Processing by StaticPagesController#home as HTML
  Rendering layout layouts/application.html.erb
  Rendering static_pages/home.html.erb within layouts/application
  Rendered static_pages/home.html.erb within layouts/application (Duration: 9.1ms | Allocations: 4769)
[Webpacker] Everything's up-to-date. Nothing to do
  Rendered layout layouts/application.html.erb (Duration: 23.3ms | Allocations: 9292)
Completed 200 OK in 35ms (Views: 26.6ms | ActiveRecord: 0.0ms | Allocations: 11892)


Started GET "/static_pages/about" for 127.0.0.1 at 2021-07-28 11:39:20 +0700
Processing by StaticPagesController#about as HTML
  Rendering layout layouts/application.html.erb
  Rendering static_pages/about.html.erb within layouts/application
  Rendered static_pages/about.html.erb within layouts/application (Duration: 1.1ms | Allocations: 350)
[Webpacker] Everything's up-to-date. Nothing to do
  Rendered layout layouts/application.html.erb (Duration: 20.9ms | Allocations: 3202)
Completed 200 OK in 26ms (Views: 25.5ms | ActiveRecord: 0.0ms | Allocations: 3720)


Started GET "/" for 127.0.0.1 at 2021-07-28 11:39:34 +0700
  [1m[35m (0.6ms)[0m  [1m[34mSELECT `schema_migrations`.`version` FROM `schema_migrations` ORDER BY `schema_migrations`.`version` ASC[0m
Processing by StaticPagesController#home as HTML
  Rendering layout layouts/application.html.erb
  Rendering static_pages/home.html.erb within layouts/application
  Rendered static_pages/home.html.erb within layouts/application (Duration: 7.1ms | Allocations: 4625)
[Webpacker] Everything's up-to-date. Nothing to do
  Rendered layout layouts/application.html.erb (Duration: 20.6ms | Allocations: 9148)
Completed 200 OK in 33ms (Views: 23.3ms | ActiveRecord: 0.0ms | Allocations: 11748)


Started GET "/static_pages/about" for 127.0.0.1 at 2021-07-28 11:39:36 +0700
Processing by StaticPagesController#about as HTML
  Rendering layout layouts/application.html.erb
  Rendering static_pages/about.html.erb within layouts/application
  Rendered static_pages/about.html.erb within layouts/application (Duration: 2.0ms | Allocations: 350)
[Webpacker] Everything's up-to-date. Nothing to do
  Rendered layout layouts/application.html.erb (Duration: 17.9ms | Allocations: 3202)
Completed 200 OK in 21ms (Views: 18.7ms | ActiveRecord: 0.0ms | Allocations: 3720)


Started GET "/static_pages/about" for 127.0.0.1 at 2021-07-28 11:39:56 +0700
Processing by StaticPagesController#about as HTML
  Rendering layout layouts/application.html.erb
  Rendering static_pages/about.html.erb within layouts/application
  Rendered static_pages/about.html.erb within layouts/application (Duration: 1.8ms | Allocations: 336)
[Webpacker] Everything's up-to-date. Nothing to do
  Rendered layout layouts/application.html.erb (Duration: 8.3ms | Allocations: 3379)
Completed 200 OK in 11ms (Views: 9.9ms | ActiveRecord: 0.0ms | Allocations: 4480)


Started GET "/static_pages/about" for 127.0.0.1 at 2021-07-28 11:40:05 +0700
Processing by StaticPagesController#about as HTML
  Rendering layout layouts/application.html.erb
  Rendering static_pages/about.html.erb within layouts/application
  Rendered static_pages/about.html.erb within layouts/application (Duration: 0.8ms | Allocations: 333)
[Webpacker] Everything's up-to-date. Nothing to do
  Rendered layout layouts/application.html.erb (Duration: 7.8ms | Allocations: 3368)
Completed 200 OK in 10ms (Views: 9.2ms | ActiveRecord: 0.0ms | Allocations: 4463)


Started GET "/static_pages/about" for 127.0.0.1 at 2021-07-28 11:40:05 +0700
Processing by StaticPagesController#about as HTML
  Rendering layout layouts/application.html.erb
  Rendering static_pages/about.html.erb within layouts/application
  Rendered static_pages/about.html.erb within layouts/application (Duration: 0.3ms | Allocations: 170)
[Webpacker] Everything's up-to-date. Nothing to do
  Rendered layout layouts/application.html.erb (Duration: 3.4ms | Allocations: 3019)
Completed 200 OK in 4ms (Views: 3.8ms | ActiveRecord: 0.0ms | Allocations: 3412)


Started GET "/static_pages/help" for 127.0.0.1 at 2021-07-28 11:40:19 +0700
Processing by StaticPagesController#help as HTML
  Rendering layout layouts/application.html.erb
  Rendering static_pages/help.html.erb within layouts/application
  Rendered static_pages/help.html.erb within layouts/application (Duration: 1.1ms | Allocations: 460)
[Webpacker] Everything's up-to-date. Nothing to do
  Rendered layout layouts/application.html.erb (Duration: 4.9ms | Allocations: 3495)
Completed 200 OK in 8ms (Views: 6.7ms | ActiveRecord: 0.0ms | Allocations: 4591)


Started GET "/static_pages/about" for 127.0.0.1 at 2021-07-28 11:40:21 +0700
Processing by StaticPagesController#about as HTML
  Rendering layout layouts/application.html.erb
  Rendering static_pages/about.html.erb within layouts/application
  Rendered static_pages/about.html.erb within layouts/application (Duration: 0.6ms | Allocations: 332)
[Webpacker] Everything's up-to-date. Nothing to do
  Rendered layout layouts/application.html.erb (Duration: 3.4ms | Allocations: 3184)
Completed 200 OK in 4ms (Views: 3.8ms | ActiveRecord: 0.0ms | Allocations: 3701)


Started GET "/static_pages/about" for 127.0.0.1 at 2021-07-28 11:40:30 +0700
Processing by StaticPagesController#about as HTML
  Rendering layout layouts/application.html.erb
  Rendering static_pages/about.html.erb within layouts/application
  Rendered static_pages/about.html.erb within layouts/application (Duration: 4.7ms | Allocations: 3228)
[Webpacker] Everything's up-to-date. Nothing to do
  Rendered layout layouts/application.html.erb (Duration: 10.5ms | Allocations: 6042)
Completed 200 OK in 13ms (Views: 11.8ms | ActiveRecord: 0.0ms | Allocations: 6608)


Started GET "/static_pages/about" for 127.0.0.1 at 2021-07-28 11:40:38 +0700
Processing by StaticPagesController#about as HTML
  Rendering layout layouts/application.html.erb
  Rendering static_pages/about.html.erb within layouts/application
  Rendered static_pages/about.html.erb within layouts/application (Duration: 1.0ms | Allocations: 253)
[Webpacker] Everything's up-to-date. Nothing to do
  Rendered layout layouts/application.html.erb (Duration: 14.1ms | Allocations: 3288)
Completed 200 OK in 18ms (Views: 16.0ms | ActiveRecord: 0.0ms | Allocations: 4388)


Started GET "/static_pages/about" for 127.0.0.1 at 2021-07-28 11:40:47 +0700
Processing by StaticPagesController#about as HTML
  Rendering layout layouts/application.html.erb
  Rendering static_pages/about.html.erb within layouts/application
  Rendered static_pages/about.html.erb within layouts/application (Duration: 1.0ms | Allocations: 250)
[Webpacker] Everything's up-to-date. Nothing to do
  Rendered layout layouts/application.html.erb (Duration: 6.0ms | Allocations: 3289)
Completed 200 OK in 10ms (Views: 8.2ms | ActiveRecord: 0.0ms | Allocations: 4384)


Started GET "/static_pages/about" for 127.0.0.1 at 2021-07-28 11:40:56 +0700
Processing by StaticPagesController#about as HTML
  Rendering layout layouts/application.html.erb
  Rendering static_pages/about.html.erb within layouts/application
  Rendered static_pages/about.html.erb within layouts/application (Duration: 1.0ms | Allocations: 247)
[Webpacker] Everything's up-to-date. Nothing to do
  Rendered layout layouts/application.html.erb (Duration: 5.7ms | Allocations: 3286)
Completed 200 OK in 10ms (Views: 7.9ms | ActiveRecord: 0.0ms | Allocations: 4381)


Started GET "/static_pages/about" for 127.0.0.1 at 2021-07-28 11:42:07 +0700
Processing by StaticPagesController#about as HTML
  Rendering layout layouts/application.html.erb
  Rendering static_pages/about.html.erb within layouts/application
  Rendered static_pages/about.html.erb within layouts/application (Duration: 0.7ms | Allocations: 281)
[Webpacker] Everything's up-to-date. Nothing to do
  Rendered layout layouts/application.html.erb (Duration: 7.0ms | Allocations: 3327)
Completed 200 OK in 9ms (Views: 8.3ms | ActiveRecord: 0.0ms | Allocations: 4436)


Started GET "/static_pages/about" for 127.0.0.1 at 2021-07-28 11:42:14 +0700
Processing by StaticPagesController#about as HTML
  Rendering layout layouts/application.html.erb
  Rendering static_pages/about.html.erb within layouts/application
  Rendered static_pages/about.html.erb within layouts/application (Duration: 0.5ms | Allocations: 275)
[Webpacker] Everything's up-to-date. Nothing to do
  Rendered layout layouts/application.html.erb (Duration: 6.2ms | Allocations: 3316)
Completed 200 OK in 8ms (Views: 7.5ms | ActiveRecord: 0.0ms | Allocations: 4418)


Started GET "/static_pages/about" for 127.0.0.1 at 2021-07-28 11:42:49 +0700
Processing by StaticPagesController#about as HTML
  Rendering layout layouts/application.html.erb
  Rendering static_pages/about.html.erb within layouts/application
  Rendered static_pages/about.html.erb within layouts/application (Duration: 6.3ms | Allocations: 3573)
[Webpacker] Everything's up-to-date. Nothing to do
  Rendered layout layouts/application.html.erb (Duration: 11.9ms | Allocations: 6572)
Completed 200 OK in 15ms (Views: 13.4ms | ActiveRecord: 0.0ms | Allocations: 7736)


Started GET "/static_pages/about" for 127.0.0.1 at 2021-07-28 11:43:26 +0700
Processing by StaticPagesController#about as HTML
  Rendering layout layouts/application.html.erb
  Rendering static_pages/about.html.erb within layouts/application
  Rendered static_pages/about.html.erb within layouts/application (Duration: 4.5ms | Allocations: 3126)
[Webpacker] Everything's up-to-date. Nothing to do
  Rendered layout layouts/application.html.erb (Duration: 9.1ms | Allocations: 5950)
Completed 200 OK in 11ms (Views: 10.0ms | ActiveRecord: 0.0ms | Allocations: 6519)


Started GET "/static_pages/about" for 127.0.0.1 at 2021-07-28 11:44:06 +0700
Processing by StaticPagesController#about as HTML
  Rendering layout layouts/application.html.erb
  Rendering static_pages/about.html.erb within layouts/application
  Rendered static_pages/about.html.erb within layouts/application (Duration: 5.1ms | Allocations: 3610)
[Webpacker] Everything's up-to-date. Nothing to do
  Rendered layout layouts/application.html.erb (Duration: 10.8ms | Allocations: 6744)
Completed 200 OK in 14ms (Views: 12.4ms | ActiveRecord: 0.0ms | Allocations: 7911)


Started GET "/static_pages/about" for 127.0.0.1 at 2021-07-28 11:44:55 +0700
Processing by StaticPagesController#about as HTML
  Rendering layout layouts/application.html.erb
  Rendering static_pages/about.html.erb within layouts/application
  Rendered static_pages/about.html.erb within layouts/application (Duration: 4.9ms | Allocations: 3563)
[Webpacker] Everything's up-to-date. Nothing to do
  Rendered layout layouts/application.html.erb (Duration: 10.8ms | Allocations: 6566)
Completed 200 OK in 14ms (Views: 12.5ms | ActiveRecord: 0.0ms | Allocations: 7728)


Started GET "/static_pages/about" for 127.0.0.1 at 2021-07-28 11:46:11 +0700
Processing by StaticPagesController#about as HTML
  Rendering layout layouts/application.html.erb
  Rendering static_pages/about.html.erb within layouts/application
  Rendered static_pages/about.html.erb within layouts/application (Duration: 7.1ms | Allocations: 3593)
[Webpacker] Everything's up-to-date. Nothing to do
  Rendered layout layouts/application.html.erb (Duration: 12.7ms | Allocations: 6600)
Completed 200 OK in 17ms (Views: 15.1ms | ActiveRecord: 0.0ms | Allocations: 7765)


Started GET "/static_pages/about" for 127.0.0.1 at 2021-07-28 11:46:56 +0700
Processing by StaticPagesController#about as HTML
  Rendering layout layouts/application.html.erb
  Rendering static_pages/about.html.erb within layouts/application
  Rendered static_pages/about.html.erb within layouts/application (Duration: 4.3ms | Allocations: 3654)
[Webpacker] Everything's up-to-date. Nothing to do
  Rendered layout layouts/application.html.erb (Duration: 10.4ms | Allocations: 6667)
Completed 200 OK in 15ms (Views: 12.8ms | ActiveRecord: 0.0ms | Allocations: 7834)


Started GET "/static_pages/about" for 127.0.0.1 at 2021-07-28 11:47:10 +0700
Processing by StaticPagesController#about as HTML
  Rendering layout layouts/application.html.erb
  Rendering static_pages/about.html.erb within layouts/application
  Rendered static_pages/about.html.erb within layouts/application (Duration: 0.8ms | Allocations: 370)
[Webpacker] Everything's up-to-date. Nothing to do
  Rendered layout layouts/application.html.erb (Duration: 4.3ms | Allocations: 3412)
Completed 200 OK in 6ms (Views: 5.4ms | ActiveRecord: 0.0ms | Allocations: 4521)


Started GET "/static_pages/about" for 127.0.0.1 at 2021-07-28 11:50:05 +0700
Processing by StaticPagesController#about as HTML
  Rendering layout layouts/application.html.erb
  Rendering static_pages/about.html.erb within layouts/application
  Rendered static_pages/about.html.erb within layouts/application (Duration: 4.7ms | Allocations: 3588)
[Webpacker] Everything's up-to-date. Nothing to do
  Rendered layout layouts/application.html.erb (Duration: 10.1ms | Allocations: 6592)
Completed 200 OK in 14ms (Views: 12.5ms | ActiveRecord: 0.0ms | Allocations: 7754)


Started GET "/static_pages/contact" for 127.0.0.1 at 2021-07-28 11:50:09 +0700
Processing by StaticPagesController#contact as HTML
  Rendering layout layouts/application.html.erb
  Rendering static_pages/contact.html.erb within layouts/application
  Rendered static_pages/contact.html.erb within layouts/application (Duration: 0.7ms | Allocations: 241)
[Webpacker] Everything's up-to-date. Nothing to do
  Rendered layout layouts/application.html.erb (Duration: 6.1ms | Allocations: 3104)
Completed 200 OK in 7ms (Views: 6.6ms | ActiveRecord: 0.0ms | Allocations: 3630)


Started GET "/static_pages/contact" for 127.0.0.1 at 2021-07-28 11:50:23 +0700
Processing by StaticPagesController#contact as HTML
  Rendering layout layouts/application.html.erb
  Rendering static_pages/contact.html.erb within layouts/application
  Rendered static_pages/contact.html.erb within layouts/application (Duration: 0.3ms | Allocations: 93)
[Webpacker] Everything's up-to-date. Nothing to do
  Rendered layout layouts/application.html.erb (Duration: 5.7ms | Allocations: 2943)
Completed 200 OK in 7ms (Views: 6.4ms | ActiveRecord: 0.0ms | Allocations: 3336)


Started GET "/" for 127.0.0.1 at 2021-07-28 12:01:58 +0700
  [1m[35m (1.1ms)[0m  [1m[34mSELECT `schema_migrations`.`version` FROM `schema_migrations` ORDER BY `schema_migrations`.`version` ASC[0m
Processing by StaticPagesController#home as HTML
  Rendering layout layouts/application.html.erb
  Rendering static_pages/home.html.erb within layouts/application
  Rendered static_pages/home.html.erb within layouts/application (Duration: 6.0ms | Allocations: 4630)
[Webpacker] Everything's up-to-date. Nothing to do
  Rendered layout layouts/application.html.erb (Duration: 16.4ms | Allocations: 9249)
Completed 200 OK in 29ms (Views: 19.5ms | ActiveRecord: 0.0ms | Allocations: 11849)


Started GET "/" for 127.0.0.1 at 2021-07-28 13:21:30 +0700
  [1m[35m (1.4ms)[0m  [1m[34mSELECT `schema_migrations`.`version` FROM `schema_migrations` ORDER BY `schema_migrations`.`version` ASC[0m
Processing by StaticPagesController#home as HTML
  Rendering layout layouts/application.html.erb
  Rendering static_pages/home.html.erb within layouts/application
  Rendered static_pages/home.html.erb within layouts/application (Duration: 16.5ms | Allocations: 4965)
[Webpacker] Everything's up-to-date. Nothing to do
  Rendered layout layouts/application.html.erb (Duration: 44.8ms | Allocations: 9584)
Completed 200 OK in 64ms (Views: 51.3ms | ActiveRecord: 0.0ms | Allocations: 12491)


Started GET "/static_pages/about" for 127.0.0.1 at 2021-07-28 13:21:34 +0700
Processing by StaticPagesController#about as HTML
  Rendering layout layouts/application.html.erb
  Rendering static_pages/about.html.erb within layouts/application
  Rendered static_pages/about.html.erb within layouts/application (Duration: 3.3ms | Allocations: 415)
[Webpacker] Everything's up-to-date. Nothing to do
  Rendered layout layouts/application.html.erb (Duration: 14.2ms | Allocations: 3339)
Completed 200 OK in 19ms (Views: 16.4ms | ActiveRecord: 0.0ms | Allocations: 4140)


Started GET "/static_pages/about" for 127.0.0.1 at 2021-07-28 13:21:58 +0700
Processing by StaticPagesController#about as HTML
  Rendering layout layouts/application.html.erb
  Rendering static_pages/about.html.erb within layouts/application
  Rendered static_pages/about.html.erb within layouts/application (Duration: 0.6ms | Allocations: 140)
[Webpacker] Everything's up-to-date. Nothing to do
  Rendered layout layouts/application.html.erb (Duration: 4.7ms | Allocations: 3065)
Completed 200 OK in 7ms (Views: 5.4ms | ActiveRecord: 0.0ms | Allocations: 3747)


Started GET "/static_pages/about" for 127.0.0.1 at 2021-07-28 13:23:18 +0700
  [1m[35m (0.6ms)[0m  [1m[34mSELECT `schema_migrations`.`version` FROM `schema_migrations` ORDER BY `schema_migrations`.`version` ASC[0m
Processing by StaticPagesController#about as HTML
  Rendering layout layouts/application.html.erb
  Rendering static_pages/about.html.erb within layouts/application
  Rendered static_pages/about.html.erb within layouts/application (Duration: 10.1ms | Allocations: 4171)
[Webpacker] Everything's up-to-date. Nothing to do
  Rendered layout layouts/application.html.erb (Duration: 28.9ms | Allocations: 8791)
Completed 200 OK in 39ms (Views: 31.1ms | ActiveRecord: 0.0ms | Allocations: 11719)


Started GET "/static_pages/help" for 127.0.0.1 at 2021-07-28 13:23:21 +0700
Processing by StaticPagesController#help as HTML
  Rendering layout layouts/application.html.erb
  Rendering static_pages/help.html.erb within layouts/application
  Rendered static_pages/help.html.erb within layouts/application (Duration: 1.6ms | Allocations: 431)
[Webpacker] Everything's up-to-date. Nothing to do
  Rendered layout layouts/application.html.erb (Duration: 19.5ms | Allocations: 3357)
Completed 200 OK in 22ms (Views: 20.0ms | ActiveRecord: 0.0ms | Allocations: 4187)


Started GET "/static_pages/help" for 127.0.0.1 at 2021-07-28 13:23:26 +0700
Processing by StaticPagesController#help as HTML
  Rendering layout layouts/application.html.erb
  Rendering static_pages/help.html.erb within layouts/application
  Rendered static_pages/help.html.erb within layouts/application (Duration: 0.4ms | Allocations: 152)
[Webpacker] Everything's up-to-date. Nothing to do
  Rendered layout layouts/application.html.erb (Duration: 6.8ms | Allocations: 3077)
Completed 200 OK in 9ms (Views: 7.4ms | ActiveRecord: 0.0ms | Allocations: 3779)


Started GET "/static_pages/contact" for 127.0.0.1 at 2021-07-28 13:24:09 +0700
Processing by StaticPagesController#contact as HTML
  Rendering layout layouts/application.html.erb
  Rendering static_pages/contact.html.erb within layouts/application
  Rendered static_pages/contact.html.erb within layouts/application (Duration: 0.8ms | Allocations: 256)
[Webpacker] Everything's up-to-date. Nothing to do
  Rendered layout layouts/application.html.erb (Duration: 6.6ms | Allocations: 3380)
Completed 200 OK in 9ms (Views: 7.7ms | ActiveRecord: 0.0ms | Allocations: 4792)


Started GET "/static_pages/hel" for 127.0.0.1 at 2021-07-28 13:26:00 +0700
  
ActionController::RoutingError (No route matches [GET] "/static_pages/hel"):
  
Started GET "/static_pages/help" for 127.0.0.1 at 2021-07-28 13:26:04 +0700
Processing by StaticPagesController#help as HTML
  Rendering layout layouts/application.html.erb
  Rendering static_pages/help.html.erb within layouts/application
  Rendered static_pages/help.html.erb within layouts/application (Duration: 1.1ms | Allocations: 368)
[Webpacker] Everything's up-to-date. Nothing to do
  Rendered layout layouts/application.html.erb (Duration: 7.8ms | Allocations: 3490)
Completed 200 OK in 11ms (Views: 9.7ms | ActiveRecord: 0.0ms | Allocations: 4898)


Started GET "/" for 127.0.0.1 at 2021-07-28 13:38:00 +0700
  [1m[35m (1.4ms)[0m  [1m[34mSELECT `schema_migrations`.`version` FROM `schema_migrations` ORDER BY `schema_migrations`.`version` ASC[0m
Processing by StaticPagesController#home as HTML
  Rendering layout layouts/application.html.erb
  Rendering static_pages/home.html.erb within layouts/application
  Rendered static_pages/home.html.erb within layouts/application (Duration: 18.3ms | Allocations: 4631)
[Webpacker] Everything's up-to-date. Nothing to do
  Rendered layout layouts/application.html.erb (Duration: 46.7ms | Allocations: 9250)
Completed 200 OK in 65ms (Views: 51.3ms | ActiveRecord: 0.0ms | Allocations: 12178)


Started GET "/static_pages/help" for 127.0.0.1 at 2021-07-28 13:38:03 +0700
Processing by StaticPagesController#help as HTML
  Rendering layout layouts/application.html.erb
  Rendering static_pages/help.html.erb within layouts/application
  Rendered static_pages/help.html.erb within layouts/application (Duration: 3.4ms | Allocations: 436)
[Webpacker] Everything's up-to-date. Nothing to do
  Rendered layout layouts/application.html.erb (Duration: 18.8ms | Allocations: 3360)
Completed 200 OK in 22ms (Views: 19.3ms | ActiveRecord: 0.0ms | Allocations: 4182)


Started GET "/" for 127.0.0.1 at 2021-07-28 13:50:31 +0700
  [1m[35m (0.8ms)[0m  [1m[34mSELECT `schema_migrations`.`version` FROM `schema_migrations` ORDER BY `schema_migrations`.`version` ASC[0m
Processing by StaticPagesController#home as HTML
  Rendering layout layouts/application.html.erb
  Rendering static_pages/home.html.erb within layouts/application
  Rendered static_pages/home.html.erb within layouts/application (Duration: 2.7ms | Allocations: 1542)
  Rendered layout layouts/application.html.erb (Duration: 3.3ms | Allocations: 1612)
Completed 500 Internal Server Error in 16ms (ActiveRecord: 0.0ms | Allocations: 4508)


  
ActionView::SyntaxErrorInTemplate (Encountered a syntax error while rendering template: check <% provide :title, t ".heading" %>
<%= link_to "English", locale:"en" %>
<%= link_to "Vietnamese", locale:"vi" %>
<h1>
  <%= t(".app_name") %>
</h1>
<p>
  <%= t ".intro" %>
  <%= link_to t("tutorial"), "https://www.railstutorial.org/" %>
  <%= t(".type_app") %>.
</p>

):
1:    <% provide :title, t ".heading" %>
2:    <%= link_to "English", locale:"en" %>
3:    <%= link_to "Vietnamese", locale:"vi" %>
4:    <h1>
5:      <%= t(".app_name") %>
6:    </h1>
7:    <p>
8:      <%= t ".intro" %>
9:      <%= link_to t("tutorial"), "https://www.railstutorial.org/" %>
10:      <%= t(".type_app") %>.
11:    </p>
  
app/views/static_pages/home.html.erb:1: syntax error, unexpected string literal, expecting `do' or '{' or '('
app/views/static_pages/home.html.erb:1: syntax error, unexpected string literal, expecting `do' or '{' or '('
app/views/static_pages/home.html.erb:1: syntax error, unexpected string literal, expecting `do' or '{' or '('
app/views/static_pages/home.html.erb:1: syntax error, unexpected string literal, expecting `do' or '{' or '('
app/views/static_pages/home.html.erb:1: syntax error, unexpected string literal, expecting `do' or '{' or '('
app/views/static_pages/home.html.erb:1: syntax error, unexpected string literal, expecting `do' or '{' or '('
Started GET "/" for 127.0.0.1 at 2021-07-28 13:51:02 +0700
Processing by StaticPagesController#home as HTML
  Rendering layout layouts/application.html.erb
  Rendering static_pages/home.html.erb within layouts/application
  Rendered static_pages/home.html.erb within layouts/application (Duration: 0.8ms | Allocations: 1172)
  Rendered layout layouts/application.html.erb (Duration: 1.0ms | Allocations: 1238)
Completed 500 Internal Server Error in 3ms (ActiveRecord: 0.0ms | Allocations: 2629)


  
ActionView::SyntaxErrorInTemplate (Encountered a syntax error while rendering template: check <% provide(:title, t ".heading") %>
<%= link_to "English", locale:"en" %>
<%= link_to "Vietnamese", locale:"vi" %>
<h1>
  <%= t(".app_name") %>
</h1>
<p>
  <%= t ".intro" %>
  <%= link_to t("tutorial"), "https://www.railstutorial.org/" %>
  <%= t(".type_app") %>.
</p>

):
1:    <% provide(:title, t ".heading") %>
2:    <%= link_to "English", locale:"en" %>
3:    <%= link_to "Vietnamese", locale:"vi" %>
4:    <h1>
5:      <%= t(".app_name") %>
6:    </h1>
7:    <p>
8:      <%= t ".intro" %>
9:      <%= link_to t("tutorial"), "https://www.railstutorial.org/" %>
10:      <%= t(".type_app") %>.
11:    </p>
  
app/views/static_pages/home.html.erb:1: syntax error, unexpected string literal, expecting `do' or '{' or '('
app/views/static_pages/home.html.erb:1: syntax error, unexpected ')', expecting `end'
app/views/static_pages/home.html.erb:1: syntax error, unexpected string literal, expecting `do' or '{' or '('
app/views/static_pages/home.html.erb:1: syntax error, unexpected ')', expecting `end'
app/views/static_pages/home.html.erb:1: syntax error, unexpected string literal, expecting `do' or '{' or '('
app/views/static_pages/home.html.erb:1: syntax error, unexpected ')', expecting `end'
app/views/static_pages/home.html.erb:1: syntax error, unexpected string literal, expecting `do' or '{' or '('
app/views/static_pages/home.html.erb:1: syntax error, unexpected ')', expecting `end'
app/views/static_pages/home.html.erb:1: syntax error, unexpected string literal, expecting `do' or '{' or '('
app/views/static_pages/home.html.erb:1: syntax error, unexpected ')', expecting `end'
app/views/static_pages/home.html.erb:1: syntax error, unexpected string literal, expecting `do' or '{' or '('
app/views/static_pages/home.html.erb:1: syntax error, unexpected ')', expecting `end'
Started GET "/" for 127.0.0.1 at 2021-07-28 13:51:11 +0700
Processing by StaticPagesController#home as HTML
  Rendering layout layouts/application.html.erb
  Rendering static_pages/home.html.erb within layouts/application
  Rendered static_pages/home.html.erb within layouts/application (Duration: 15.5ms | Allocations: 6697)
[Webpacker] Everything's up-to-date. Nothing to do
  Rendered layout layouts/application.html.erb (Duration: 26.8ms | Allocations: 11570)
Completed 200 OK in 33ms (Views: 29.9ms | ActiveRecord: 0.0ms | Allocations: 12988)


Started GET "/" for 127.0.0.1 at 2021-07-28 13:51:17 +0700
Processing by StaticPagesController#home as HTML
  Rendering layout layouts/application.html.erb
  Rendering static_pages/home.html.erb within layouts/application
  Rendered static_pages/home.html.erb within layouts/application (Duration: 0.9ms | Allocations: 462)
[Webpacker] Everything's up-to-date. Nothing to do
  Rendered layout layouts/application.html.erb (Duration: 6.0ms | Allocations: 3583)
Completed 200 OK in 9ms (Views: 7.3ms | ActiveRecord: 0.0ms | Allocations: 4981)


Started GET "/" for 127.0.0.1 at 2021-07-28 13:51:40 +0700
Processing by StaticPagesController#home as HTML
  Rendering layout layouts/application.html.erb
  Rendering static_pages/home.html.erb within layouts/application
  Rendered static_pages/home.html.erb within layouts/application (Duration: 1.1ms | Allocations: 462)
[Webpacker] Everything's up-to-date. Nothing to do
  Rendered layout layouts/application.html.erb (Duration: 6.4ms | Allocations: 3583)
Completed 200 OK in 9ms (Views: 7.8ms | ActiveRecord: 0.0ms | Allocations: 4981)


